make.exe all --print-data-base --no-builtin-variables --no-builtin-rules --question
# GNU Make 4.3
 
# Built for x86_64-pc-msys
# Copyright (C) 1988-2020 Free Software Foundation, Inc.
# License GPLv3+: GNU GPL version 3 or later <http://gnu.org/licenses/gpl.html>
# This is free software: you are free to change and redistribute it.
# There is NO WARRANTY, to the extent permitted by law.
 

# Make data base, printed on Sat Jan  7 12:46:11 2023

# Variables

# environment
SYSTEMDRIVE = C:
# environment
LC_ALL = C
# environment
USERPROFILE = C:\Users\PC
# environment
LOCALAPPDATA = C:\Users\PC\AppData\Local
# environment
VSCODE_CWD = C:\Users\PC\AppData\Local\Programs\Microsoft VS Code
# environment
 
SYSTEMROOT = C:\WINDOWS
# environment
PROCESSOR_LEVEL = 6
# environment
PSMODULEPATH = C:\Program Files\WindowsPowerShell\Modules;C:\WINDOWS\system32\WindowsPowerShell\v1.0\Modules;C:\Program Files (x86)\Microsoft SQL Server\120\Tools\PowerShell\Modules\
# environment
GNUPLOT_LIB = C:\Program Files\gnuplot\demo;C:\Program Files\gnuplot\demo\games;C:\Program Files\gnuplot\share
# default
MAKE_COMMAND := make
# automatic
@D = $(patsubst %/,%,$(dir $@))
# environment
CHROME_CRASHPAD_PIPE_NAME = \\.\pipe\LOCAL\crashpad_11536_XDAHDEJQVLQJAWOA
# environment
VSCODE_HANDLES_UNCAUGHT_ERRORS = true
# default
.VARIABLES := 
# automatic
%D = $(patsubst %/,%,$(dir $%))
# automatic
^D = $(patsubst %/,%,$(dir $^))
# automatic
%F = $(notdir $%)
# environment
VSCODE_CODE_CACHE_PATH = C:\Users\PC\AppData\Roaming\Code\CachedData\e8a3071ea4344d9d48ef8a4df2c097372b0c5161
# environment
LANG = C
# default
.LOADED := 
# environment
TMP = /c/Users/PC/AppData/Local/Temp
# default
.INCLUDE_DIRS = /usr/include /usr/include
# makefile
MAKEFLAGS = pqrR
# environment
ONEDRIVE = C:\Users\PC\OneDrive
# makefile
CURDIR := /d/Source/Repos/tantdhvan/Linear SMK-IJCAI23/Linear-SMK-IJCAI23
# environment
APPLICATION_INSIGHTS_NO_DIAGNOSTIC_CHANNEL = 1
# automatic
*D = $(patsubst %/,%,$(dir $*))
# environment
PROGRAMFILES = C:\Program Files
# environment
MFLAGS = -pqrR
# default
.SHELLFLAGS := -c
# environment
COMMONPROGRAMW6432 = C:\Program Files\Common Files
# automatic
+D = $(patsubst %/,%,$(dir $+))
# makefile (from 'Makefile', line 1)
MAKEFILE_LIST := Makefile
# automatic
@F = $(notdir $@)
# environment
VSCODE_PID = 11536
# automatic
?D = $(patsubst %/,%,$(dir $?))
# automatic
*F = $(notdir $*)
# automatic
<D = $(patsubst %/,%,$(dir $<))
# environment
VSCODE_NLS_CONFIG = {"locale":"en-us","availableLanguages":{},"_languagePackSupport":true}
# environment
ONEDRIVECONSUMER = C:\Users\PC\OneDrive
# default
MAKE_HOST := x86_64-pc-msys
# environment
PROGRAMDATA = C:\ProgramData
# default
SHELL := /bin/sh
 
# environment
HOMEPATH = \Users\PC
# default
MAKECMDGOALS := all
# environment
DRIVERDATA = C:\Windows\System32\Drivers\DriverData
# environment
COMSPEC = C:\WINDOWS\system32\cmd.exe
# environment
WINDIR = C:\WINDOWS
# environment
MAKELEVEL := 0
# default
MAKE = $(MAKE_COMMAND)
# environment
PATH = /c/WINDOWS/system32:/c/WINDOWS:/c/WINDOWS/System32/Wbem:/c/WINDOWS/System32/WindowsPowerShell/v1.0:/c/WINDOWS/System32/OpenSSH:/c/Program Files/Microsoft SQL Server/130/Tools/Binn:/c/Program Files/Microsoft SQL Server/Client SDK/ODBC/170/Tools/Binn:/c/Program Files (x86)/Microsoft SQL Server/100/Tools/Binn:/c/Program Files/Microsoft SQL Server/100/Tools/Binn:/c/Program Files/Microsoft SQL Server/100/DTS/Binn:/c/Program Files (x86)/Microsoft SQL Server/100/Tools/Binn/VSShell/Common7/IDE:/c/Program Files (x86)/Microsoft Visual Studio 9.0/Common7/IDE/PrivateAssemblies:/c/Program Files (x86)/Microsoft SQL Server/100/DTS/Binn:/c/Program Files/Microsoft SQL Server/Client SDK/ODBC/110/Tools/Binn:/c/Program Files (x86)/Microsoft SQL Server/120/Tools/Binn:/c/Program Files/Microsoft SQL Server/120/Tools/Binn:/c/Program Files/Microsoft SQL Server/120/DTS/Binn:/c/Program Files/dotnet:/c/Program Files (x86)/Bitvise SSH Client:/mingw64/bin:/usr/bin:/c/Users/PC/AppData/Local/Microsoft/WindowsApps:/c/Users/PC/AppData/Local/GitHubDesktop/bin:/c/Program Files (x86)/Sophos/Sophos SSL VPN Client/bin:/c/Users/PC/.dotnet/tools:/c/Users/PC/AppData/Local/Programs/Microsoft VS Code/bin:/mingw64/bin:/usr/bin
# environment
COMPUTERNAME = DESKTOP-AQMTJRE
# default
MAKEFILES := 
# automatic
^F = $(notdir $^)
# environment
PROMPT = $P$G
# environment
LOGONSERVER = \\DESKTOP-AQMTJRE
# environment
USERNAME = PC
# environment
COMMONPROGRAMFILES = C:\Program Files\Common Files
# automatic
?F = $(notdir $?)
# environment
PROGRAMW6432 = C:\Program Files
# environment
PATHEXT = .COM;.EXE;.BAT;.CMD;.VBS;.VBE;.JS;.JSE;.WSF;.WSH;.MSC
# automatic
+F = $(notdir $+)
# environment
ORIGINAL_XDG_CURRENT_DESKTOP = undefined
# environment
USERDOMAIN = DESKTOP-AQMTJRE
# 'override' directive
GNUMAKEFLAGS := 
# environment
OS = Windows_NT
# makefile (from 'Makefile', line 1)
CPPFLAGS = -std=c++11 -Wall -O2 -l pthread
# makefile
.DEFAULT_GOAL := all
# default
MAKE_VERSION := 4.3
# environment
PROGRAMFILES(X86) = C:\Program Files (x86)
# environment
!D: = d:\Source\Repos\tantdhvan\Linear SMK-IJCAI23\Linear-SMK-IJCAI23
 
# environment
USERDOMAIN_ROAMINGPROFILE = DESKTOP-AQMTJRE
# environment
NUMBER_OF_PROCESSORS = 4
# environment
PUBLIC = C:\Users\Public
# environment
APPDATA = C:\Users\PC\AppData\Roaming
# environment
HOMEDRIVE = C:
# environment
PROCESSOR_ARCHITECTURE = AMD64
# environment
VSCODE_AMD_ENTRYPOINT = vs/workbench/api/node/extensionHostProcess
# environment
HOME = /home/PC
# environment
COMMONPROGRAMFILES(X86) = C:\Program Files (x86)\Common Files
# environment
ELECTRON_RUN_AS_NODE = 1
# environment
TEMP = /c/Users/PC/AppData/Local/Temp
# environment
VSCODE_IPC_HOOK = \\.\pipe\ea75601404b968667eb2f78a0de0635a-1.74.2-main-sock
# environment
TERM = xterm-256color
# default
.RECIPEPREFIX := 
# automatic
<F = $(notdir $<)
# default
SUFFIXES := 
# environment
ALLUSERSPROFILE = C:\ProgramData
# environment
SESSIONNAME = Console
# default
.FEATURES := target-specific order-only second-expansion else-if shortest-stem undefine oneshell nocomment grouped-target extra-prereqs archives jobserver output-sync check-symlink load
# environment
PROCESSOR_REVISION = 4501
# environment
PROCESSOR_IDENTIFIER = Intel64 Family 6 Model 69 Stepping 1, GenuineIntel
# variable set hash-table stats:
# Load=92/1024=9%, Rehash=0, Collisions=11/123=9%
 

# Pattern-specific Variable Values

# No pattern-specific variable values.

# Directories

# . (device 2261361089, inode 281474976849565): 9 files, no impossibilities.

# 9 files, no impossibilities in 1 directories.

# Implicit Rules

# No implicit rules.

# Files

revmax: src/main.cpp src/mygraph.cpp src/algs.cpp
#  Implicit rule search has not been done.
#  Modification time never checked.
#  File has not been updated.
#  recipe to execute (from 'Makefile', line 10):
	g++ src/main.cpp -o revmax  ${CPPFLAGS} -DREVMAX_MON

# Not a target:
src/algs.cpp:
#  Implicit rule search has been done.
#  Last modified 2023-01-07 12:43:59.8303876
#  File has been updated.
#  Successfully updated.

single-pass: maxcut preproc
#  Implicit rule search has not been done.
#  Modification time never checked.
#  File has not been updated.
#  recipe to execute (from 'Makefile', line 30):
	cd exp/$@; make DATA=er BIN=maxcut; make DATA=er BIN=revmax; make DATA=ba BIN=maxcut; make DATA=ba BIN=revmax; make DATA=fb BIN=maxcut; make DATA=fb BIN=revmax; make DATA=slashdot BIN=maxcut; make DATA=slashdot BIN=revmax; make DATA=pokec BIN=maxcut; make DATA=pokec BIN=revmax

preproc: src/preprocess.cpp src/mygraph.cpp
#  Implicit rule search has not been done.
#  Modification time never checked.
#  File has not been updated.
#  recipe to execute (from 'Makefile', line 20):
	g++ src/preprocess.cpp -o preproc  ${CPPFLAGS}
 

revmax-debug: src/main.cpp src/mygraph.cpp src/algs.cpp
#  Implicit rule search has not been done.
#  Modification time never checked.
#  File has not been updated.
#  recipe to execute (from 'Makefile', line 18):
	g++-4.9 src/main.cpp -o revmax-debug -std=c++11 -Wall -Og -g  -DREVMAX_MON

debug: src/main.cpp src/mygraph.cpp src/algs.cpp
#  Implicit rule search has not been done.
#  Modification time never checked.
#  File has not been updated.
#  recipe to execute (from 'Makefile', line 14):
	g++ src/main.cpp -o maxcov_debug -std=c++11 -Wall -Og -g -DMAXCOV

# Not a target:
Makefile:
#  Implicit rule search has been done.
#  Last modified 2023-01-07 12:46:08.4760879
#  File has been updated.
#  Successfully updated.

# Not a target:
src/mygraph.cpp:
#  Implicit rule search has been done.
#  Last modified 2023-01-07 12:04:07.4888714
#  File has been updated.
#  Successfully updated.

ba: src/gen_ba.cpp src/mygraph.cpp
#  Implicit rule search has not been done.
#  Modification time never checked.
#  File has not been updated.
#  recipe to execute (from 'Makefile', line 24):
	g++ -std=c++11 src/gen_ba.cpp -o ba

# Not a target:
src/main.cpp:
#  Implicit rule search has been done.
#  Last modified 2023-01-07 12:45:03.5619441
#  File has been updated.
#  Successfully updated.

clean:
#  Implicit rule search has not been done.
#  Modification time never checked.
#  File has not been updated.
 
#  recipe to execute (from 'Makefile', line 26):
	rm -f preproc
	rm -f maxcov
	rm -f revmax

maxcut: src/main.cpp src/mygraph.cpp src/algs.cpp src/obj.cpp
#  Implicit rule search has not been done.
#  Implicit/static pattern stem: ''
#  File does not exist.
#  File has been updated.
#  Needs to be updated (-q is set).
# automatic
# @ := maxcut
# automatic
# * := 
# automatic
# < := src/main.cpp
# automatic
# + := src/main.cpp src/mygraph.cpp src/algs.cpp src/obj.cpp
# automatic
# % := 
# automatic
# ^ := src/main.cpp src/mygraph.cpp src/algs.cpp src/obj.cpp
# automatic
# ? := src/main.cpp src/mygraph.cpp src/algs.cpp src/obj.cpp
# automatic
# | := 
# variable set hash-table stats:
# Load=8/32=25%, Rehash=0, Collisions=1/12=8%
#  recipe to execute (from 'Makefile', line 8):
	g++ src/main.cpp -o maxcut  ${CPPFLAGS} -DMAXCUT

# Not a target:
src/gen_ba.cpp:
#  Implicit rule search has not been done.
#  Modification time never checked.
#  File has not been updated.

# Not a target:
src/gen_er.cpp:
#  Implicit rule search has not been done.
 
#  Modification time never checked.
#  File has not been updated.

# Not a target:
.DEFAULT:
#  Implicit rule search has not been done.
#  Modification time never checked.
#  File has not been updated.

# Not a target:
src/obj.cpp:
#  Implicit rule search has been done.
#  Last modified 2023-01-07 12:45:08.6580443
#  File has been updated.
#  Successfully updated.

all: maxcut revmax_nm preproc er ba
#  Command line target.
#  Implicit rule search has been done.
#  File does not exist.
#  File has been updated.
#  Needs to be updated (-q is set).
# variable set hash-table stats:
# Load=0/32=0%, Rehash=0, Collisions=0/4=0%

revmax_nm: src/main.cpp src/mygraph.cpp src/algs.cpp
#  Implicit rule search has not been done.
#  Modification time never checked.
#  File has not been updated.
#  recipe to execute (from 'Makefile', line 12):
	g++ src/main.cpp -o revmax_nm  ${CPPFLAGS} -DREVMAX_NM

er: src/gen_er.cpp src/mygraph.cpp
#  Implicit rule search has not been done.
#  Modification time never checked.
#  File has not been updated.
#  recipe to execute (from 'Makefile', line 22):
	g++ -std=c++11 src/gen_er.cpp -o er

# Not a target:
src/preprocess.cpp:
 
#  Implicit rule search has not been done.
#  Modification time never checked.
#  File has not been updated.

# Not a target:
.SUFFIXES:
#  Implicit rule search has not been done.
#  Modification time never checked.
#  File has not been updated.

maxcov: src/main.cpp src/mygraph.cpp src/algs.cpp src/obj.cpp
#  Implicit rule search has not been done.
#  Modification time never checked.
#  File has not been updated.
#  recipe to execute (from 'Makefile', line 6):
	g++ src/main.cpp -o maxcov  ${CPPFLAGS} -DMAXCOV

maxcut_debug: src/main.cpp src/mygraph.cpp src/algs.cpp src/obj.cpp
#  Implicit rule search has not been done.
#  Modification time never checked.
#  File has not been updated.
#  recipe to execute (from 'Makefile', line 16):
	g++ src/main.cpp -o maxcut_debug -std=c++11 -Wall -Og -g -DMAXCUT -l pthread

# files hash-table stats:
# Load=23/1024=2%, Rehash=0, Collisions=0/77=0%
# VPATH Search Paths

# No 'vpath' search paths.

# No general ('VPATH' variable) search path.

# strcache buffers: 1 (0) / strings = 32 / storage = 298 B / avg = 9 B
# current buf: size = 8162 B / used = 298 B / count = 32 / avg = 9 B

# strcache performance: lookups = 81 / hit rate = 60%
# hash-table stats:
 
# Load=32/8192=0%, Rehash=0, Collisions=0/81=0%
# Finished Make data base on Sat Jan  7 12:46:11 2023

 
